[2022-08-25 20:30:14] local.ERROR: SQLSTATE[HY000]: General error: 1005 Can't create table `traitements`.`traitement_validers` (errno: 150 "Foreign key constraint is incorrectly formed") (SQL: alter table `traitement_validers` add constraint `traitement_validers_heure_medicament_id_foreign` foreign key (`heure_medicament_id`) references `heure_medicaments` (`id`)) {"exception":"[object] (Illuminate\\Database\\QueryException(code: HY000): SQLSTATE[HY000]: General error: 1005 Can't create table `traitements`.`traitement_validers` (errno: 150 \"Foreign key constraint is incorrectly formed\") (SQL: alter table `traitement_validers` add constraint `traitement_validers_heure_medicament_id_foreign` foreign key (`heure_medicament_id`) references `heure_medicaments` (`id`)) at /home/omar/Bureau/medicaments/traitements/vendor/laravel/framework/src/Illuminate/Database/Connection.php:759)
[stacktrace]
#0 /home/omar/Bureau/medicaments/traitements/vendor/laravel/framework/src/Illuminate/Database/Connection.php(719): Illuminate\\Database\\Connection->runQueryCallback()
#1 /home/omar/Bureau/medicaments/traitements/vendor/laravel/framework/src/Illuminate/Database/Connection.php(545): Illuminate\\Database\\Connection->run()
#2 /home/omar/Bureau/medicaments/traitements/vendor/laravel/framework/src/Illuminate/Database/Schema/Blueprint.php(109): Illuminate\\Database\\Connection->statement()
#3 /home/omar/Bureau/medicaments/traitements/vendor/laravel/framework/src/Illuminate/Database/Schema/Builder.php(394): Illuminate\\Database\\Schema\\Blueprint->build()
#4 /home/omar/Bureau/medicaments/traitements/vendor/laravel/framework/src/Illuminate/Database/Schema/Builder.php(257): Illuminate\\Database\\Schema\\Builder->build()
#5 /home/omar/Bureau/medicaments/traitements/vendor/laravel/framework/src/Illuminate/Support/Facades/Facade.php(338): Illuminate\\Database\\Schema\\Builder->create()
#6 /home/omar/Bureau/medicaments/traitements/database/migrations/2022_08_25_184835_create_traitement_validers_table.php(21): Illuminate\\Support\\Facades\\Facade::__callStatic()
#7 /home/omar/Bureau/medicaments/traitements/vendor/laravel/framework/src/Illuminate/Database/Migrations/Migrator.php(482): Illuminate\\Database\\Migrations\\Migration@anonymous->up()
#8 /home/omar/Bureau/medicaments/traitements/vendor/laravel/framework/src/Illuminate/Database/Migrations/Migrator.php(400): Illuminate\\Database\\Migrations\\Migrator->runMethod()
#9 /home/omar/Bureau/medicaments/traitements/vendor/laravel/framework/src/Illuminate/Database/Migrations/Migrator.php(409): Illuminate\\Database\\Migrations\\Migrator->Illuminate\\Database\\Migrations\\{closure}()
#10 /home/omar/Bureau/medicaments/traitements/vendor/laravel/framework/src/Illuminate/Database/Migrations/Migrator.php(210): Illuminate\\Database\\Migrations\\Migrator->runMigration()
#11 /home/omar/Bureau/medicaments/traitements/vendor/laravel/framework/src/Illuminate/Console/View/Components/Task.php(36): Illuminate\\Database\\Migrations\\Migrator->Illuminate\\Database\\Migrations\\{closure}()
#12 /home/omar/Bureau/medicaments/traitements/vendor/laravel/framework/src/Illuminate/Database/Migrations/Migrator.php(740): Illuminate\\Console\\View\\Components\\Task->render()
#13 /home/omar/Bureau/medicaments/traitements/vendor/laravel/framework/src/Illuminate/Database/Migrations/Migrator.php(210): Illuminate\\Database\\Migrations\\Migrator->write()
#14 /home/omar/Bureau/medicaments/traitements/vendor/laravel/framework/src/Illuminate/Database/Migrations/Migrator.php(175): Illuminate\\Database\\Migrations\\Migrator->runUp()
#15 /home/omar/Bureau/medicaments/traitements/vendor/laravel/framework/src/Illuminate/Database/Migrations/Migrator.php(118): Illuminate\\Database\\Migrations\\Migrator->runPending()
#16 /home/omar/Bureau/medicaments/traitements/vendor/laravel/framework/src/Illuminate/Database/Console/Migrations/MigrateCommand.php(87): Illuminate\\Database\\Migrations\\Migrator->run()
#17 /home/omar/Bureau/medicaments/traitements/vendor/laravel/framework/src/Illuminate/Database/Migrations/Migrator.php(616): Illuminate\\Database\\Console\\Migrations\\MigrateCommand->Illuminate\\Database\\Console\\Migrations\\{closure}()
#18 /home/omar/Bureau/medicaments/traitements/vendor/laravel/framework/src/Illuminate/Database/Console/Migrations/MigrateCommand.php(99): Illuminate\\Database\\Migrations\\Migrator->usingConnection()
#19 /home/omar/Bureau/medicaments/traitements/vendor/laravel/framework/src/Illuminate/Container/BoundMethod.php(36): Illuminate\\Database\\Console\\Migrations\\MigrateCommand->handle()
#20 /home/omar/Bureau/medicaments/traitements/vendor/laravel/framework/src/Illuminate/Container/Util.php(41): Illuminate\\Container\\BoundMethod::Illuminate\\Container\\{closure}()
#21 /home/omar/Bureau/medicaments/traitements/vendor/laravel/framework/src/Illuminate/Container/BoundMethod.php(93): Illuminate\\Container\\Util::unwrapIfClosure()
#22 /home/omar/Bureau/medicaments/traitements/vendor/laravel/framework/src/Illuminate/Container/BoundMethod.php(37): Illuminate\\Container\\BoundMethod::callBoundMethod()
#23 /home/omar/Bureau/medicaments/traitements/vendor/laravel/framework/src/Illuminate/Container/Container.php(651): Illuminate\\Container\\BoundMethod::call()
#24 /home/omar/Bureau/medicaments/traitements/vendor/laravel/framework/src/Illuminate/Console/Command.php(139): Illuminate\\Container\\Container->call()
#25 /home/omar/Bureau/medicaments/traitements/vendor/symfony/console/Command/Command.php(308): Illuminate\\Console\\Command->execute()
#26 /home/omar/Bureau/medicaments/traitements/vendor/laravel/framework/src/Illuminate/Console/Command.php(124): Symfony\\Component\\Console\\Command\\Command->run()
#27 /home/omar/Bureau/medicaments/traitements/vendor/symfony/console/Application.php(998): Illuminate\\Console\\Command->run()
#28 /home/omar/Bureau/medicaments/traitements/vendor/symfony/console/Application.php(299): Symfony\\Component\\Console\\Application->doRunCommand()
#29 /home/omar/Bureau/medicaments/traitements/vendor/symfony/console/Application.php(171): Symfony\\Component\\Console\\Application->doRun()
#30 /home/omar/Bureau/medicaments/traitements/vendor/laravel/framework/src/Illuminate/Console/Application.php(102): Symfony\\Component\\Console\\Application->run()
#31 /home/omar/Bureau/medicaments/traitements/vendor/laravel/framework/src/Illuminate/Foundation/Console/Kernel.php(129): Illuminate\\Console\\Application->run()
#32 /home/omar/Bureau/medicaments/traitements/artisan(37): Illuminate\\Foundation\\Console\\Kernel->handle()
#33 {main}

[previous exception] [object] (PDOException(code: HY000): SQLSTATE[HY000]: General error: 1005 Can't create table `traitements`.`traitement_validers` (errno: 150 \"Foreign key constraint is incorrectly formed\") at /home/omar/Bureau/medicaments/traitements/vendor/laravel/framework/src/Illuminate/Database/Connection.php:544)
[stacktrace]
#0 /home/omar/Bureau/medicaments/traitements/vendor/laravel/framework/src/Illuminate/Database/Connection.php(544): PDOStatement->execute()
#1 /home/omar/Bureau/medicaments/traitements/vendor/laravel/framework/src/Illuminate/Database/Connection.php(752): Illuminate\\Database\\Connection->Illuminate\\Database\\{closure}()
#2 /home/omar/Bureau/medicaments/traitements/vendor/laravel/framework/src/Illuminate/Database/Connection.php(719): Illuminate\\Database\\Connection->runQueryCallback()
#3 /home/omar/Bureau/medicaments/traitements/vendor/laravel/framework/src/Illuminate/Database/Connection.php(545): Illuminate\\Database\\Connection->run()
#4 /home/omar/Bureau/medicaments/traitements/vendor/laravel/framework/src/Illuminate/Database/Schema/Blueprint.php(109): Illuminate\\Database\\Connection->statement()
#5 /home/omar/Bureau/medicaments/traitements/vendor/laravel/framework/src/Illuminate/Database/Schema/Builder.php(394): Illuminate\\Database\\Schema\\Blueprint->build()
#6 /home/omar/Bureau/medicaments/traitements/vendor/laravel/framework/src/Illuminate/Database/Schema/Builder.php(257): Illuminate\\Database\\Schema\\Builder->build()
#7 /home/omar/Bureau/medicaments/traitements/vendor/laravel/framework/src/Illuminate/Support/Facades/Facade.php(338): Illuminate\\Database\\Schema\\Builder->create()
#8 /home/omar/Bureau/medicaments/traitements/database/migrations/2022_08_25_184835_create_traitement_validers_table.php(21): Illuminate\\Support\\Facades\\Facade::__callStatic()
#9 /home/omar/Bureau/medicaments/traitements/vendor/laravel/framework/src/Illuminate/Database/Migrations/Migrator.php(482): Illuminate\\Database\\Migrations\\Migration@anonymous->up()
#10 /home/omar/Bureau/medicaments/traitements/vendor/laravel/framework/src/Illuminate/Database/Migrations/Migrator.php(400): Illuminate\\Database\\Migrations\\Migrator->runMethod()
#11 /home/omar/Bureau/medicaments/traitements/vendor/laravel/framework/src/Illuminate/Database/Migrations/Migrator.php(409): Illuminate\\Database\\Migrations\\Migrator->Illuminate\\Database\\Migrations\\{closure}()
#12 /home/omar/Bureau/medicaments/traitements/vendor/laravel/framework/src/Illuminate/Database/Migrations/Migrator.php(210): Illuminate\\Database\\Migrations\\Migrator->runMigration()
#13 /home/omar/Bureau/medicaments/traitements/vendor/laravel/framework/src/Illuminate/Console/View/Components/Task.php(36): Illuminate\\Database\\Migrations\\Migrator->Illuminate\\Database\\Migrations\\{closure}()
#14 /home/omar/Bureau/medicaments/traitements/vendor/laravel/framework/src/Illuminate/Database/Migrations/Migrator.php(740): Illuminate\\Console\\View\\Components\\Task->render()
#15 /home/omar/Bureau/medicaments/traitements/vendor/laravel/framework/src/Illuminate/Database/Migrations/Migrator.php(210): Illuminate\\Database\\Migrations\\Migrator->write()
#16 /home/omar/Bureau/medicaments/traitements/vendor/laravel/framework/src/Illuminate/Database/Migrations/Migrator.php(175): Illuminate\\Database\\Migrations\\Migrator->runUp()
#17 /home/omar/Bureau/medicaments/traitements/vendor/laravel/framework/src/Illuminate/Database/Migrations/Migrator.php(118): Illuminate\\Database\\Migrations\\Migrator->runPending()
#18 /home/omar/Bureau/medicaments/traitements/vendor/laravel/framework/src/Illuminate/Database/Console/Migrations/MigrateCommand.php(87): Illuminate\\Database\\Migrations\\Migrator->run()
#19 /home/omar/Bureau/medicaments/traitements/vendor/laravel/framework/src/Illuminate/Database/Migrations/Migrator.php(616): Illuminate\\Database\\Console\\Migrations\\MigrateCommand->Illuminate\\Database\\Console\\Migrations\\{closure}()
#20 /home/omar/Bureau/medicaments/traitements/vendor/laravel/framework/src/Illuminate/Database/Console/Migrations/MigrateCommand.php(99): Illuminate\\Database\\Migrations\\Migrator->usingConnection()
#21 /home/omar/Bureau/medicaments/traitements/vendor/laravel/framework/src/Illuminate/Container/BoundMethod.php(36): Illuminate\\Database\\Console\\Migrations\\MigrateCommand->handle()
#22 /home/omar/Bureau/medicaments/traitements/vendor/laravel/framework/src/Illuminate/Container/Util.php(41): Illuminate\\Container\\BoundMethod::Illuminate\\Container\\{closure}()
#23 /home/omar/Bureau/medicaments/traitements/vendor/laravel/framework/src/Illuminate/Container/BoundMethod.php(93): Illuminate\\Container\\Util::unwrapIfClosure()
#24 /home/omar/Bureau/medicaments/traitements/vendor/laravel/framework/src/Illuminate/Container/BoundMethod.php(37): Illuminate\\Container\\BoundMethod::callBoundMethod()
#25 /home/omar/Bureau/medicaments/traitements/vendor/laravel/framework/src/Illuminate/Container/Container.php(651): Illuminate\\Container\\BoundMethod::call()
#26 /home/omar/Bureau/medicaments/traitements/vendor/laravel/framework/src/Illuminate/Console/Command.php(139): Illuminate\\Container\\Container->call()
#27 /home/omar/Bureau/medicaments/traitements/vendor/symfony/console/Command/Command.php(308): Illuminate\\Console\\Command->execute()
#28 /home/omar/Bureau/medicaments/traitements/vendor/laravel/framework/src/Illuminate/Console/Command.php(124): Symfony\\Component\\Console\\Command\\Command->run()
#29 /home/omar/Bureau/medicaments/traitements/vendor/symfony/console/Application.php(998): Illuminate\\Console\\Command->run()
#30 /home/omar/Bureau/medicaments/traitements/vendor/symfony/console/Application.php(299): Symfony\\Component\\Console\\Application->doRunCommand()
#31 /home/omar/Bureau/medicaments/traitements/vendor/symfony/console/Application.php(171): Symfony\\Component\\Console\\Application->doRun()
#32 /home/omar/Bureau/medicaments/traitements/vendor/laravel/framework/src/Illuminate/Console/Application.php(102): Symfony\\Component\\Console\\Application->run()
#33 /home/omar/Bureau/medicaments/traitements/vendor/laravel/framework/src/Illuminate/Foundation/Console/Kernel.php(129): Illuminate\\Console\\Application->run()
#34 /home/omar/Bureau/medicaments/traitements/artisan(37): Illuminate\\Foundation\\Console\\Kernel->handle()
#35 {main}
"} 
[2022-08-25 20:31:13] local.ERROR: SQLSTATE[HY000]: General error: 1005 Can't create table `traitements`.`traitement_validers` (errno: 150 "Foreign key constraint is incorrectly formed") (SQL: alter table `traitement_validers` add constraint `traitement_validers_heuremedicament_id_foreign` foreign key (`heuremedicament_id`) references `heuremedicaments` (`id`)) {"exception":"[object] (Illuminate\\Database\\QueryException(code: HY000): SQLSTATE[HY000]: General error: 1005 Can't create table `traitements`.`traitement_validers` (errno: 150 \"Foreign key constraint is incorrectly formed\") (SQL: alter table `traitement_validers` add constraint `traitement_validers_heuremedicament_id_foreign` foreign key (`heuremedicament_id`) references `heuremedicaments` (`id`)) at /home/omar/Bureau/medicaments/traitements/vendor/laravel/framework/src/Illuminate/Database/Connection.php:759)
[stacktrace]
#0 /home/omar/Bureau/medicaments/traitements/vendor/laravel/framework/src/Illuminate/Database/Connection.php(719): Illuminate\\Database\\Connection->runQueryCallback()
#1 /home/omar/Bureau/medicaments/traitements/vendor/laravel/framework/src/Illuminate/Database/Connection.php(545): Illuminate\\Database\\Connection->run()
#2 /home/omar/Bureau/medicaments/traitements/vendor/laravel/framework/src/Illuminate/Database/Schema/Blueprint.php(109): Illuminate\\Database\\Connection->statement()
#3 /home/omar/Bureau/medicaments/traitements/vendor/laravel/framework/src/Illuminate/Database/Schema/Builder.php(394): Illuminate\\Database\\Schema\\Blueprint->build()
#4 /home/omar/Bureau/medicaments/traitements/vendor/laravel/framework/src/Illuminate/Database/Schema/Builder.php(257): Illuminate\\Database\\Schema\\Builder->build()
#5 /home/omar/Bureau/medicaments/traitements/vendor/laravel/framework/src/Illuminate/Support/Facades/Facade.php(338): Illuminate\\Database\\Schema\\Builder->create()
#6 /home/omar/Bureau/medicaments/traitements/database/migrations/2022_08_25_184835_create_traitement_validers_table.php(21): Illuminate\\Support\\Facades\\Facade::__callStatic()
#7 /home/omar/Bureau/medicaments/traitements/vendor/laravel/framework/src/Illuminate/Database/Migrations/Migrator.php(482): Illuminate\\Database\\Migrations\\Migration@anonymous->up()
#8 /home/omar/Bureau/medicaments/traitements/vendor/laravel/framework/src/Illuminate/Database/Migrations/Migrator.php(400): Illuminate\\Database\\Migrations\\Migrator->runMethod()
#9 /home/omar/Bureau/medicaments/traitements/vendor/laravel/framework/src/Illuminate/Database/Migrations/Migrator.php(409): Illuminate\\Database\\Migrations\\Migrator->Illuminate\\Database\\Migrations\\{closure}()
#10 /home/omar/Bureau/medicaments/traitements/vendor/laravel/framework/src/Illuminate/Database/Migrations/Migrator.php(210): Illuminate\\Database\\Migrations\\Migrator->runMigration()
#11 /home/omar/Bureau/medicaments/traitements/vendor/laravel/framework/src/Illuminate/Console/View/Components/Task.php(36): Illuminate\\Database\\Migrations\\Migrator->Illuminate\\Database\\Migrations\\{closure}()
#12 /home/omar/Bureau/medicaments/traitements/vendor/laravel/framework/src/Illuminate/Database/Migrations/Migrator.php(740): Illuminate\\Console\\View\\Components\\Task->render()
#13 /home/omar/Bureau/medicaments/traitements/vendor/laravel/framework/src/Illuminate/Database/Migrations/Migrator.php(210): Illuminate\\Database\\Migrations\\Migrator->write()
#14 /home/omar/Bureau/medicaments/traitements/vendor/laravel/framework/src/Illuminate/Database/Migrations/Migrator.php(175): Illuminate\\Database\\Migrations\\Migrator->runUp()
#15 /home/omar/Bureau/medicaments/traitements/vendor/laravel/framework/src/Illuminate/Database/Migrations/Migrator.php(118): Illuminate\\Database\\Migrations\\Migrator->runPending()
#16 /home/omar/Bureau/medicaments/traitements/vendor/laravel/framework/src/Illuminate/Database/Console/Migrations/MigrateCommand.php(87): Illuminate\\Database\\Migrations\\Migrator->run()
#17 /home/omar/Bureau/medicaments/traitements/vendor/laravel/framework/src/Illuminate/Database/Migrations/Migrator.php(616): Illuminate\\Database\\Console\\Migrations\\MigrateCommand->Illuminate\\Database\\Console\\Migrations\\{closure}()
#18 /home/omar/Bureau/medicaments/traitements/vendor/laravel/framework/src/Illuminate/Database/Console/Migrations/MigrateCommand.php(99): Illuminate\\Database\\Migrations\\Migrator->usingConnection()
#19 /home/omar/Bureau/medicaments/traitements/vendor/laravel/framework/src/Illuminate/Container/BoundMethod.php(36): Illuminate\\Database\\Console\\Migrations\\MigrateCommand->handle()
#20 /home/omar/Bureau/medicaments/traitements/vendor/laravel/framework/src/Illuminate/Container/Util.php(41): Illuminate\\Container\\BoundMethod::Illuminate\\Container\\{closure}()
#21 /home/omar/Bureau/medicaments/traitements/vendor/laravel/framework/src/Illuminate/Container/BoundMethod.php(93): Illuminate\\Container\\Util::unwrapIfClosure()
#22 /home/omar/Bureau/medicaments/traitements/vendor/laravel/framework/src/Illuminate/Container/BoundMethod.php(37): Illuminate\\Container\\BoundMethod::callBoundMethod()
#23 /home/omar/Bureau/medicaments/traitements/vendor/laravel/framework/src/Illuminate/Container/Container.php(651): Illuminate\\Container\\BoundMethod::call()
#24 /home/omar/Bureau/medicaments/traitements/vendor/laravel/framework/src/Illuminate/Console/Command.php(139): Illuminate\\Container\\Container->call()
#25 /home/omar/Bureau/medicaments/traitements/vendor/symfony/console/Command/Command.php(308): Illuminate\\Console\\Command->execute()
#26 /home/omar/Bureau/medicaments/traitements/vendor/laravel/framework/src/Illuminate/Console/Command.php(124): Symfony\\Component\\Console\\Command\\Command->run()
#27 /home/omar/Bureau/medicaments/traitements/vendor/laravel/framework/src/Illuminate/Console/Concerns/CallsCommands.php(68): Illuminate\\Console\\Command->run()
#28 /home/omar/Bureau/medicaments/traitements/vendor/laravel/framework/src/Illuminate/Console/Concerns/CallsCommands.php(28): Illuminate\\Console\\Command->runCommand()
#29 /home/omar/Bureau/medicaments/traitements/vendor/laravel/framework/src/Illuminate/Database/Console/Migrations/FreshCommand.php(59): Illuminate\\Console\\Command->call()
#30 /home/omar/Bureau/medicaments/traitements/vendor/laravel/framework/src/Illuminate/Container/BoundMethod.php(36): Illuminate\\Database\\Console\\Migrations\\FreshCommand->handle()
#31 /home/omar/Bureau/medicaments/traitements/vendor/laravel/framework/src/Illuminate/Container/Util.php(41): Illuminate\\Container\\BoundMethod::Illuminate\\Container\\{closure}()
#32 /home/omar/Bureau/medicaments/traitements/vendor/laravel/framework/src/Illuminate/Container/BoundMethod.php(93): Illuminate\\Container\\Util::unwrapIfClosure()
#33 /home/omar/Bureau/medicaments/traitements/vendor/laravel/framework/src/Illuminate/Container/BoundMethod.php(37): Illuminate\\Container\\BoundMethod::callBoundMethod()
#34 /home/omar/Bureau/medicaments/traitements/vendor/laravel/framework/src/Illuminate/Container/Container.php(651): Illuminate\\Container\\BoundMethod::call()
#35 /home/omar/Bureau/medicaments/traitements/vendor/laravel/framework/src/Illuminate/Console/Command.php(139): Illuminate\\Container\\Container->call()
#36 /home/omar/Bureau/medicaments/traitements/vendor/symfony/console/Command/Command.php(308): Illuminate\\Console\\Command->execute()
#37 /home/omar/Bureau/medicaments/traitements/vendor/laravel/framework/src/Illuminate/Console/Command.php(124): Symfony\\Component\\Console\\Command\\Command->run()
#38 /home/omar/Bureau/medicaments/traitements/vendor/symfony/console/Application.php(998): Illuminate\\Console\\Command->run()
#39 /home/omar/Bureau/medicaments/traitements/vendor/symfony/console/Application.php(299): Symfony\\Component\\Console\\Application->doRunCommand()
#40 /home/omar/Bureau/medicaments/traitements/vendor/symfony/console/Application.php(171): Symfony\\Component\\Console\\Application->doRun()
#41 /home/omar/Bureau/medicaments/traitements/vendor/laravel/framework/src/Illuminate/Console/Application.php(102): Symfony\\Component\\Console\\Application->run()
#42 /home/omar/Bureau/medicaments/traitements/vendor/laravel/framework/src/Illuminate/Foundation/Console/Kernel.php(129): Illuminate\\Console\\Application->run()
#43 /home/omar/Bureau/medicaments/traitements/artisan(37): Illuminate\\Foundation\\Console\\Kernel->handle()
#44 {main}

[previous exception] [object] (PDOException(code: HY000): SQLSTATE[HY000]: General error: 1005 Can't create table `traitements`.`traitement_validers` (errno: 150 \"Foreign key constraint is incorrectly formed\") at /home/omar/Bureau/medicaments/traitements/vendor/laravel/framework/src/Illuminate/Database/Connection.php:544)
[stacktrace]
#0 /home/omar/Bureau/medicaments/traitements/vendor/laravel/framework/src/Illuminate/Database/Connection.php(544): PDOStatement->execute()
#1 /home/omar/Bureau/medicaments/traitements/vendor/laravel/framework/src/Illuminate/Database/Connection.php(752): Illuminate\\Database\\Connection->Illuminate\\Database\\{closure}()
#2 /home/omar/Bureau/medicaments/traitements/vendor/laravel/framework/src/Illuminate/Database/Connection.php(719): Illuminate\\Database\\Connection->runQueryCallback()
#3 /home/omar/Bureau/medicaments/traitements/vendor/laravel/framework/src/Illuminate/Database/Connection.php(545): Illuminate\\Database\\Connection->run()
#4 /home/omar/Bureau/medicaments/traitements/vendor/laravel/framework/src/Illuminate/Database/Schema/Blueprint.php(109): Illuminate\\Database\\Connection->statement()
#5 /home/omar/Bureau/medicaments/traitements/vendor/laravel/framework/src/Illuminate/Database/Schema/Builder.php(394): Illuminate\\Database\\Schema\\Blueprint->build()
#6 /home/omar/Bureau/medicaments/traitements/vendor/laravel/framework/src/Illuminate/Database/Schema/Builder.php(257): Illuminate\\Database\\Schema\\Builder->build()
#7 /home/omar/Bureau/medicaments/traitements/vendor/laravel/framework/src/Illuminate/Support/Facades/Facade.php(338): Illuminate\\Database\\Schema\\Builder->create()
#8 /home/omar/Bureau/medicaments/traitements/database/migrations/2022_08_25_184835_create_traitement_validers_table.php(21): Illuminate\\Support\\Facades\\Facade::__callStatic()
#9 /home/omar/Bureau/medicaments/traitements/vendor/laravel/framework/src/Illuminate/Database/Migrations/Migrator.php(482): Illuminate\\Database\\Migrations\\Migration@anonymous->up()
#10 /home/omar/Bureau/medicaments/traitements/vendor/laravel/framework/src/Illuminate/Database/Migrations/Migrator.php(400): Illuminate\\Database\\Migrations\\Migrator->runMethod()
#11 /home/omar/Bureau/medicaments/traitements/vendor/laravel/framework/src/Illuminate/Database/Migrations/Migrator.php(409): Illuminate\\Database\\Migrations\\Migrator->Illuminate\\Database\\Migrations\\{closure}()
#12 /home/omar/Bureau/medicaments/traitements/vendor/laravel/framework/src/Illuminate/Database/Migrations/Migrator.php(210): Illuminate\\Database\\Migrations\\Migrator->runMigration()
#13 /home/omar/Bureau/medicaments/traitements/vendor/laravel/framework/src/Illuminate/Console/View/Components/Task.php(36): Illuminate\\Database\\Migrations\\Migrator->Illuminate\\Database\\Migrations\\{closure}()
#14 /home/omar/Bureau/medicaments/traitements/vendor/laravel/framework/src/Illuminate/Database/Migrations/Migrator.php(740): Illuminate\\Console\\View\\Components\\Task->render()
#15 /home/omar/Bureau/medicaments/traitements/vendor/laravel/framework/src/Illuminate/Database/Migrations/Migrator.php(210): Illuminate\\Database\\Migrations\\Migrator->write()
#16 /home/omar/Bureau/medicaments/traitements/vendor/laravel/framework/src/Illuminate/Database/Migrations/Migrator.php(175): Illuminate\\Database\\Migrations\\Migrator->runUp()
#17 /home/omar/Bureau/medicaments/traitements/vendor/laravel/framework/src/Illuminate/Database/Migrations/Migrator.php(118): Illuminate\\Database\\Migrations\\Migrator->runPending()
#18 /home/omar/Bureau/medicaments/traitements/vendor/laravel/framework/src/Illuminate/Database/Console/Migrations/MigrateCommand.php(87): Illuminate\\Database\\Migrations\\Migrator->run()
#19 /home/omar/Bureau/medicaments/traitements/vendor/laravel/framework/src/Illuminate/Database/Migrations/Migrator.php(616): Illuminate\\Database\\Console\\Migrations\\MigrateCommand->Illuminate\\Database\\Console\\Migrations\\{closure}()
#20 /home/omar/Bureau/medicaments/traitements/vendor/laravel/framework/src/Illuminate/Database/Console/Migrations/MigrateCommand.php(99): Illuminate\\Database\\Migrations\\Migrator->usingConnection()
#21 /home/omar/Bureau/medicaments/traitements/vendor/laravel/framework/src/Illuminate/Container/BoundMethod.php(36): Illuminate\\Database\\Console\\Migrations\\MigrateCommand->handle()
#22 /home/omar/Bureau/medicaments/traitements/vendor/laravel/framework/src/Illuminate/Container/Util.php(41): Illuminate\\Container\\BoundMethod::Illuminate\\Container\\{closure}()
#23 /home/omar/Bureau/medicaments/traitements/vendor/laravel/framework/src/Illuminate/Container/BoundMethod.php(93): Illuminate\\Container\\Util::unwrapIfClosure()
#24 /home/omar/Bureau/medicaments/traitements/vendor/laravel/framework/src/Illuminate/Container/BoundMethod.php(37): Illuminate\\Container\\BoundMethod::callBoundMethod()
#25 /home/omar/Bureau/medicaments/traitements/vendor/laravel/framework/src/Illuminate/Container/Container.php(651): Illuminate\\Container\\BoundMethod::call()
#26 /home/omar/Bureau/medicaments/traitements/vendor/laravel/framework/src/Illuminate/Console/Command.php(139): Illuminate\\Container\\Container->call()
#27 /home/omar/Bureau/medicaments/traitements/vendor/symfony/console/Command/Command.php(308): Illuminate\\Console\\Command->execute()
#28 /home/omar/Bureau/medicaments/traitements/vendor/laravel/framework/src/Illuminate/Console/Command.php(124): Symfony\\Component\\Console\\Command\\Command->run()
#29 /home/omar/Bureau/medicaments/traitements/vendor/laravel/framework/src/Illuminate/Console/Concerns/CallsCommands.php(68): Illuminate\\Console\\Command->run()
#30 /home/omar/Bureau/medicaments/traitements/vendor/laravel/framework/src/Illuminate/Console/Concerns/CallsCommands.php(28): Illuminate\\Console\\Command->runCommand()
#31 /home/omar/Bureau/medicaments/traitements/vendor/laravel/framework/src/Illuminate/Database/Console/Migrations/FreshCommand.php(59): Illuminate\\Console\\Command->call()
#32 /home/omar/Bureau/medicaments/traitements/vendor/laravel/framework/src/Illuminate/Container/BoundMethod.php(36): Illuminate\\Database\\Console\\Migrations\\FreshCommand->handle()
#33 /home/omar/Bureau/medicaments/traitements/vendor/laravel/framework/src/Illuminate/Container/Util.php(41): Illuminate\\Container\\BoundMethod::Illuminate\\Container\\{closure}()
#34 /home/omar/Bureau/medicaments/traitements/vendor/laravel/framework/src/Illuminate/Container/BoundMethod.php(93): Illuminate\\Container\\Util::unwrapIfClosure()
#35 /home/omar/Bureau/medicaments/traitements/vendor/laravel/framework/src/Illuminate/Container/BoundMethod.php(37): Illuminate\\Container\\BoundMethod::callBoundMethod()
#36 /home/omar/Bureau/medicaments/traitements/vendor/laravel/framework/src/Illuminate/Container/Container.php(651): Illuminate\\Container\\BoundMethod::call()
#37 /home/omar/Bureau/medicaments/traitements/vendor/laravel/framework/src/Illuminate/Console/Command.php(139): Illuminate\\Container\\Container->call()
#38 /home/omar/Bureau/medicaments/traitements/vendor/symfony/console/Command/Command.php(308): Illuminate\\Console\\Command->execute()
#39 /home/omar/Bureau/medicaments/traitements/vendor/laravel/framework/src/Illuminate/Console/Command.php(124): Symfony\\Component\\Console\\Command\\Command->run()
#40 /home/omar/Bureau/medicaments/traitements/vendor/symfony/console/Application.php(998): Illuminate\\Console\\Command->run()
#41 /home/omar/Bureau/medicaments/traitements/vendor/symfony/console/Application.php(299): Symfony\\Component\\Console\\Application->doRunCommand()
#42 /home/omar/Bureau/medicaments/traitements/vendor/symfony/console/Application.php(171): Symfony\\Component\\Console\\Application->doRun()
#43 /home/omar/Bureau/medicaments/traitements/vendor/laravel/framework/src/Illuminate/Console/Application.php(102): Symfony\\Component\\Console\\Application->run()
#44 /home/omar/Bureau/medicaments/traitements/vendor/laravel/framework/src/Illuminate/Foundation/Console/Kernel.php(129): Illuminate\\Console\\Application->run()
#45 /home/omar/Bureau/medicaments/traitements/artisan(37): Illuminate\\Foundation\\Console\\Kernel->handle()
#46 {main}
"} 
[2022-08-25 20:33:32] local.ERROR: Invalid route action: [App\Http\Livewire\Posts]. {"exception":"[object] (UnexpectedValueException(code: 0): Invalid route action: [App\\Http\\Livewire\\Posts]. at /home/omar/Bureau/medicaments/traitements/vendor/laravel/framework/src/Illuminate/Routing/RouteAction.php:92)
[stacktrace]
#0 /home/omar/Bureau/medicaments/traitements/vendor/laravel/framework/src/Illuminate/Routing/RouteAction.php(47): Illuminate\\Routing\\RouteAction::makeInvokable()
#1 /home/omar/Bureau/medicaments/traitements/vendor/laravel/framework/src/Illuminate/Routing/Route.php(190): Illuminate\\Routing\\RouteAction::parse()
#2 /home/omar/Bureau/medicaments/traitements/vendor/laravel/framework/src/Illuminate/Routing/Route.php(171): Illuminate\\Routing\\Route->parseAction()
#3 /home/omar/Bureau/medicaments/traitements/vendor/laravel/framework/src/Illuminate/Routing/Router.php(588): Illuminate\\Routing\\Route->__construct()
#4 /home/omar/Bureau/medicaments/traitements/vendor/laravel/framework/src/Illuminate/Routing/Router.php(481): Illuminate\\Routing\\Router->newRoute()
#5 /home/omar/Bureau/medicaments/traitements/vendor/laravel/framework/src/Illuminate/Routing/Router.php(460): Illuminate\\Routing\\Router->createRoute()
#6 /home/omar/Bureau/medicaments/traitements/vendor/laravel/framework/src/Illuminate/Routing/Router.php(150): Illuminate\\Routing\\Router->addRoute()
#7 /home/omar/Bureau/medicaments/traitements/vendor/laravel/framework/src/Illuminate/Support/Facades/Facade.php(338): Illuminate\\Routing\\Router->get()
#8 /home/omar/Bureau/medicaments/traitements/routes/web.php(21): Illuminate\\Support\\Facades\\Facade::__callStatic()
#9 /home/omar/Bureau/medicaments/traitements/vendor/laravel/framework/src/Illuminate/Routing/RouteFileRegistrar.php(35): require('...')
#10 /home/omar/Bureau/medicaments/traitements/vendor/laravel/framework/src/Illuminate/Routing/Router.php(430): Illuminate\\Routing\\RouteFileRegistrar->register()
#11 /home/omar/Bureau/medicaments/traitements/vendor/laravel/framework/src/Illuminate/Routing/Router.php(386): Illuminate\\Routing\\Router->loadRoutes()
#12 /home/omar/Bureau/medicaments/traitements/vendor/laravel/framework/src/Illuminate/Routing/RouteRegistrar.php(165): Illuminate\\Routing\\Router->group()
#13 /home/omar/Bureau/medicaments/traitements/app/Providers/RouteServiceProvider.php(37): Illuminate\\Routing\\RouteRegistrar->group()
#14 /home/omar/Bureau/medicaments/traitements/vendor/laravel/framework/src/Illuminate/Container/BoundMethod.php(36): App\\Providers\\RouteServiceProvider->App\\Providers\\{closure}()
#15 /home/omar/Bureau/medicaments/traitements/vendor/laravel/framework/src/Illuminate/Container/Util.php(41): Illuminate\\Container\\BoundMethod::Illuminate\\Container\\{closure}()
#16 /home/omar/Bureau/medicaments/traitements/vendor/laravel/framework/src/Illuminate/Container/BoundMethod.php(81): Illuminate\\Container\\Util::unwrapIfClosure()
#17 /home/omar/Bureau/medicaments/traitements/vendor/laravel/framework/src/Illuminate/Container/BoundMethod.php(37): Illuminate\\Container\\BoundMethod::callBoundMethod()
#18 /home/omar/Bureau/medicaments/traitements/vendor/laravel/framework/src/Illuminate/Container/Container.php(651): Illuminate\\Container\\BoundMethod::call()
#19 /home/omar/Bureau/medicaments/traitements/vendor/laravel/framework/src/Illuminate/Foundation/Support/Providers/RouteServiceProvider.php(120): Illuminate\\Container\\Container->call()
#20 /home/omar/Bureau/medicaments/traitements/vendor/laravel/framework/src/Illuminate/Foundation/Support/Providers/RouteServiceProvider.php(45): Illuminate\\Foundation\\Support\\Providers\\RouteServiceProvider->loadRoutes()
#21 /home/omar/Bureau/medicaments/traitements/vendor/laravel/framework/src/Illuminate/Container/BoundMethod.php(36): Illuminate\\Foundation\\Support\\Providers\\RouteServiceProvider->Illuminate\\Foundation\\Support\\Providers\\{closure}()
#22 /home/omar/Bureau/medicaments/traitements/vendor/laravel/framework/src/Illuminate/Container/Util.php(41): Illuminate\\Container\\BoundMethod::Illuminate\\Container\\{closure}()
#23 /home/omar/Bureau/medicaments/traitements/vendor/laravel/framework/src/Illuminate/Container/BoundMethod.php(81): Illuminate\\Container\\Util::unwrapIfClosure()
#24 /home/omar/Bureau/medicaments/traitements/vendor/laravel/framework/src/Illuminate/Container/BoundMethod.php(37): Illuminate\\Container\\BoundMethod::callBoundMethod()
#25 /home/omar/Bureau/medicaments/traitements/vendor/laravel/framework/src/Illuminate/Container/Container.php(651): Illuminate\\Container\\BoundMethod::call()
#26 /home/omar/Bureau/medicaments/traitements/vendor/laravel/framework/src/Illuminate/Support/ServiceProvider.php(119): Illuminate\\Container\\Container->call()
#27 /home/omar/Bureau/medicaments/traitements/vendor/laravel/framework/src/Illuminate/Foundation/Application.php(933): Illuminate\\Support\\ServiceProvider->callBootedCallbacks()
#28 /home/omar/Bureau/medicaments/traitements/vendor/laravel/framework/src/Illuminate/Foundation/Application.php(911): Illuminate\\Foundation\\Application->bootProvider()
#29 [internal function]: Illuminate\\Foundation\\Application->Illuminate\\Foundation\\{closure}()
#30 /home/omar/Bureau/medicaments/traitements/vendor/laravel/framework/src/Illuminate/Foundation/Application.php(912): array_walk()
#31 /home/omar/Bureau/medicaments/traitements/vendor/laravel/framework/src/Illuminate/Foundation/Bootstrap/BootProviders.php(17): Illuminate\\Foundation\\Application->boot()
#32 /home/omar/Bureau/medicaments/traitements/vendor/laravel/framework/src/Illuminate/Foundation/Application.php(239): Illuminate\\Foundation\\Bootstrap\\BootProviders->bootstrap()
#33 /home/omar/Bureau/medicaments/traitements/vendor/laravel/framework/src/Illuminate/Foundation/Console/Kernel.php(310): Illuminate\\Foundation\\Application->bootstrapWith()
#34 /home/omar/Bureau/medicaments/traitements/vendor/laravel/framework/src/Illuminate/Foundation/Console/Kernel.php(127): Illuminate\\Foundation\\Console\\Kernel->bootstrap()
#35 Command line code(1): Illuminate\\Foundation\\Console\\Kernel->handle()
#36 {main}
"} 
[2022-08-25 20:33:56] local.ERROR: Invalid route action: [App\Http\Livewire\Medicaments]. {"exception":"[object] (UnexpectedValueException(code: 0): Invalid route action: [App\\Http\\Livewire\\Medicaments]. at /home/omar/Bureau/medicaments/traitements/vendor/laravel/framework/src/Illuminate/Routing/RouteAction.php:92)
[stacktrace]
#0 /home/omar/Bureau/medicaments/traitements/vendor/laravel/framework/src/Illuminate/Routing/RouteAction.php(47): Illuminate\\Routing\\RouteAction::makeInvokable()
#1 /home/omar/Bureau/medicaments/traitements/vendor/laravel/framework/src/Illuminate/Routing/Route.php(190): Illuminate\\Routing\\RouteAction::parse()
#2 /home/omar/Bureau/medicaments/traitements/vendor/laravel/framework/src/Illuminate/Routing/Route.php(171): Illuminate\\Routing\\Route->parseAction()
#3 /home/omar/Bureau/medicaments/traitements/vendor/laravel/framework/src/Illuminate/Routing/Router.php(588): Illuminate\\Routing\\Route->__construct()
#4 /home/omar/Bureau/medicaments/traitements/vendor/laravel/framework/src/Illuminate/Routing/Router.php(481): Illuminate\\Routing\\Router->newRoute()
#5 /home/omar/Bureau/medicaments/traitements/vendor/laravel/framework/src/Illuminate/Routing/Router.php(460): Illuminate\\Routing\\Router->createRoute()
#6 /home/omar/Bureau/medicaments/traitements/vendor/laravel/framework/src/Illuminate/Routing/Router.php(150): Illuminate\\Routing\\Router->addRoute()
#7 /home/omar/Bureau/medicaments/traitements/vendor/laravel/framework/src/Illuminate/Support/Facades/Facade.php(338): Illuminate\\Routing\\Router->get()
#8 /home/omar/Bureau/medicaments/traitements/routes/web.php(21): Illuminate\\Support\\Facades\\Facade::__callStatic()
#9 /home/omar/Bureau/medicaments/traitements/vendor/laravel/framework/src/Illuminate/Routing/RouteFileRegistrar.php(35): require('...')
#10 /home/omar/Bureau/medicaments/traitements/vendor/laravel/framework/src/Illuminate/Routing/Router.php(430): Illuminate\\Routing\\RouteFileRegistrar->register()
#11 /home/omar/Bureau/medicaments/traitements/vendor/laravel/framework/src/Illuminate/Routing/Router.php(386): Illuminate\\Routing\\Router->loadRoutes()
#12 /home/omar/Bureau/medicaments/traitements/vendor/laravel/framework/src/Illuminate/Routing/RouteRegistrar.php(165): Illuminate\\Routing\\Router->group()
#13 /home/omar/Bureau/medicaments/traitements/app/Providers/RouteServiceProvider.php(37): Illuminate\\Routing\\RouteRegistrar->group()
#14 /home/omar/Bureau/medicaments/traitements/vendor/laravel/framework/src/Illuminate/Container/BoundMethod.php(36): App\\Providers\\RouteServiceProvider->App\\Providers\\{closure}()
#15 /home/omar/Bureau/medicaments/traitements/vendor/laravel/framework/src/Illuminate/Container/Util.php(41): Illuminate\\Container\\BoundMethod::Illuminate\\Container\\{closure}()
#16 /home/omar/Bureau/medicaments/traitements/vendor/laravel/framework/src/Illuminate/Container/BoundMethod.php(81): Illuminate\\Container\\Util::unwrapIfClosure()
#17 /home/omar/Bureau/medicaments/traitements/vendor/laravel/framework/src/Illuminate/Container/BoundMethod.php(37): Illuminate\\Container\\BoundMethod::callBoundMethod()
#18 /home/omar/Bureau/medicaments/traitements/vendor/laravel/framework/src/Illuminate/Container/Container.php(651): Illuminate\\Container\\BoundMethod::call()
#19 /home/omar/Bureau/medicaments/traitements/vendor/laravel/framework/src/Illuminate/Foundation/Support/Providers/RouteServiceProvider.php(120): Illuminate\\Container\\Container->call()
#20 /home/omar/Bureau/medicaments/traitements/vendor/laravel/framework/src/Illuminate/Foundation/Support/Providers/RouteServiceProvider.php(45): Illuminate\\Foundation\\Support\\Providers\\RouteServiceProvider->loadRoutes()
#21 /home/omar/Bureau/medicaments/traitements/vendor/laravel/framework/src/Illuminate/Container/BoundMethod.php(36): Illuminate\\Foundation\\Support\\Providers\\RouteServiceProvider->Illuminate\\Foundation\\Support\\Providers\\{closure}()
#22 /home/omar/Bureau/medicaments/traitements/vendor/laravel/framework/src/Illuminate/Container/Util.php(41): Illuminate\\Container\\BoundMethod::Illuminate\\Container\\{closure}()
#23 /home/omar/Bureau/medicaments/traitements/vendor/laravel/framework/src/Illuminate/Container/BoundMethod.php(81): Illuminate\\Container\\Util::unwrapIfClosure()
#24 /home/omar/Bureau/medicaments/traitements/vendor/laravel/framework/src/Illuminate/Container/BoundMethod.php(37): Illuminate\\Container\\BoundMethod::callBoundMethod()
#25 /home/omar/Bureau/medicaments/traitements/vendor/laravel/framework/src/Illuminate/Container/Container.php(651): Illuminate\\Container\\BoundMethod::call()
#26 /home/omar/Bureau/medicaments/traitements/vendor/laravel/framework/src/Illuminate/Support/ServiceProvider.php(119): Illuminate\\Container\\Container->call()
#27 /home/omar/Bureau/medicaments/traitements/vendor/laravel/framework/src/Illuminate/Foundation/Application.php(933): Illuminate\\Support\\ServiceProvider->callBootedCallbacks()
#28 /home/omar/Bureau/medicaments/traitements/vendor/laravel/framework/src/Illuminate/Foundation/Application.php(911): Illuminate\\Foundation\\Application->bootProvider()
#29 [internal function]: Illuminate\\Foundation\\Application->Illuminate\\Foundation\\{closure}()
#30 /home/omar/Bureau/medicaments/traitements/vendor/laravel/framework/src/Illuminate/Foundation/Application.php(912): array_walk()
#31 /home/omar/Bureau/medicaments/traitements/vendor/laravel/framework/src/Illuminate/Foundation/Bootstrap/BootProviders.php(17): Illuminate\\Foundation\\Application->boot()
#32 /home/omar/Bureau/medicaments/traitements/vendor/laravel/framework/src/Illuminate/Foundation/Application.php(239): Illuminate\\Foundation\\Bootstrap\\BootProviders->bootstrap()
#33 /home/omar/Bureau/medicaments/traitements/vendor/laravel/framework/src/Illuminate/Foundation/Console/Kernel.php(310): Illuminate\\Foundation\\Application->bootstrapWith()
#34 /home/omar/Bureau/medicaments/traitements/vendor/laravel/framework/src/Illuminate/Foundation/Console/Kernel.php(127): Illuminate\\Foundation\\Console\\Kernel->bootstrap()
#35 Command line code(1): Illuminate\\Foundation\\Console\\Kernel->handle()
#36 {main}
"} 
[2022-08-25 20:34:04] local.ERROR: Invalid route action: [App\Http\Livewire\Medicaments]. {"exception":"[object] (UnexpectedValueException(code: 0): Invalid route action: [App\\Http\\Livewire\\Medicaments]. at /home/omar/Bureau/medicaments/traitements/vendor/laravel/framework/src/Illuminate/Routing/RouteAction.php:92)
[stacktrace]
#0 /home/omar/Bureau/medicaments/traitements/vendor/laravel/framework/src/Illuminate/Routing/RouteAction.php(47): Illuminate\\Routing\\RouteAction::makeInvokable()
#1 /home/omar/Bureau/medicaments/traitements/vendor/laravel/framework/src/Illuminate/Routing/Route.php(190): Illuminate\\Routing\\RouteAction::parse()
#2 /home/omar/Bureau/medicaments/traitements/vendor/laravel/framework/src/Illuminate/Routing/Route.php(171): Illuminate\\Routing\\Route->parseAction()
#3 /home/omar/Bureau/medicaments/traitements/vendor/laravel/framework/src/Illuminate/Routing/Router.php(588): Illuminate\\Routing\\Route->__construct()
#4 /home/omar/Bureau/medicaments/traitements/vendor/laravel/framework/src/Illuminate/Routing/Router.php(481): Illuminate\\Routing\\Router->newRoute()
#5 /home/omar/Bureau/medicaments/traitements/vendor/laravel/framework/src/Illuminate/Routing/Router.php(460): Illuminate\\Routing\\Router->createRoute()
#6 /home/omar/Bureau/medicaments/traitements/vendor/laravel/framework/src/Illuminate/Routing/Router.php(150): Illuminate\\Routing\\Router->addRoute()
#7 /home/omar/Bureau/medicaments/traitements/vendor/laravel/framework/src/Illuminate/Support/Facades/Facade.php(338): Illuminate\\Routing\\Router->get()
#8 /home/omar/Bureau/medicaments/traitements/routes/web.php(21): Illuminate\\Support\\Facades\\Facade::__callStatic()
#9 /home/omar/Bureau/medicaments/traitements/vendor/laravel/framework/src/Illuminate/Routing/RouteFileRegistrar.php(35): require('...')
#10 /home/omar/Bureau/medicaments/traitements/vendor/laravel/framework/src/Illuminate/Routing/Router.php(430): Illuminate\\Routing\\RouteFileRegistrar->register()
#11 /home/omar/Bureau/medicaments/traitements/vendor/laravel/framework/src/Illuminate/Routing/Router.php(386): Illuminate\\Routing\\Router->loadRoutes()
#12 /home/omar/Bureau/medicaments/traitements/vendor/laravel/framework/src/Illuminate/Routing/RouteRegistrar.php(165): Illuminate\\Routing\\Router->group()
#13 /home/omar/Bureau/medicaments/traitements/app/Providers/RouteServiceProvider.php(37): Illuminate\\Routing\\RouteRegistrar->group()
#14 /home/omar/Bureau/medicaments/traitements/vendor/laravel/framework/src/Illuminate/Container/BoundMethod.php(36): App\\Providers\\RouteServiceProvider->App\\Providers\\{closure}()
#15 /home/omar/Bureau/medicaments/traitements/vendor/laravel/framework/src/Illuminate/Container/Util.php(41): Illuminate\\Container\\BoundMethod::Illuminate\\Container\\{closure}()
#16 /home/omar/Bureau/medicaments/traitements/vendor/laravel/framework/src/Illuminate/Container/BoundMethod.php(81): Illuminate\\Container\\Util::unwrapIfClosure()
#17 /home/omar/Bureau/medicaments/traitements/vendor/laravel/framework/src/Illuminate/Container/BoundMethod.php(37): Illuminate\\Container\\BoundMethod::callBoundMethod()
#18 /home/omar/Bureau/medicaments/traitements/vendor/laravel/framework/src/Illuminate/Container/Container.php(651): Illuminate\\Container\\BoundMethod::call()
#19 /home/omar/Bureau/medicaments/traitements/vendor/laravel/framework/src/Illuminate/Foundation/Support/Providers/RouteServiceProvider.php(120): Illuminate\\Container\\Container->call()
#20 /home/omar/Bureau/medicaments/traitements/vendor/laravel/framework/src/Illuminate/Foundation/Support/Providers/RouteServiceProvider.php(45): Illuminate\\Foundation\\Support\\Providers\\RouteServiceProvider->loadRoutes()
#21 /home/omar/Bureau/medicaments/traitements/vendor/laravel/framework/src/Illuminate/Container/BoundMethod.php(36): Illuminate\\Foundation\\Support\\Providers\\RouteServiceProvider->Illuminate\\Foundation\\Support\\Providers\\{closure}()
#22 /home/omar/Bureau/medicaments/traitements/vendor/laravel/framework/src/Illuminate/Container/Util.php(41): Illuminate\\Container\\BoundMethod::Illuminate\\Container\\{closure}()
#23 /home/omar/Bureau/medicaments/traitements/vendor/laravel/framework/src/Illuminate/Container/BoundMethod.php(81): Illuminate\\Container\\Util::unwrapIfClosure()
#24 /home/omar/Bureau/medicaments/traitements/vendor/laravel/framework/src/Illuminate/Container/BoundMethod.php(37): Illuminate\\Container\\BoundMethod::callBoundMethod()
#25 /home/omar/Bureau/medicaments/traitements/vendor/laravel/framework/src/Illuminate/Container/Container.php(651): Illuminate\\Container\\BoundMethod::call()
#26 /home/omar/Bureau/medicaments/traitements/vendor/laravel/framework/src/Illuminate/Support/ServiceProvider.php(119): Illuminate\\Container\\Container->call()
#27 /home/omar/Bureau/medicaments/traitements/vendor/laravel/framework/src/Illuminate/Foundation/Application.php(933): Illuminate\\Support\\ServiceProvider->callBootedCallbacks()
#28 /home/omar/Bureau/medicaments/traitements/vendor/laravel/framework/src/Illuminate/Foundation/Application.php(911): Illuminate\\Foundation\\Application->bootProvider()
#29 [internal function]: Illuminate\\Foundation\\Application->Illuminate\\Foundation\\{closure}()
#30 /home/omar/Bureau/medicaments/traitements/vendor/laravel/framework/src/Illuminate/Foundation/Application.php(912): array_walk()
#31 /home/omar/Bureau/medicaments/traitements/vendor/laravel/framework/src/Illuminate/Foundation/Bootstrap/BootProviders.php(17): Illuminate\\Foundation\\Application->boot()
#32 /home/omar/Bureau/medicaments/traitements/vendor/laravel/framework/src/Illuminate/Foundation/Application.php(239): Illuminate\\Foundation\\Bootstrap\\BootProviders->bootstrap()
#33 /home/omar/Bureau/medicaments/traitements/vendor/laravel/framework/src/Illuminate/Foundation/Console/Kernel.php(310): Illuminate\\Foundation\\Application->bootstrapWith()
#34 /home/omar/Bureau/medicaments/traitements/vendor/laravel/framework/src/Illuminate/Foundation/Console/Kernel.php(127): Illuminate\\Foundation\\Console\\Kernel->bootstrap()
#35 Command line code(1): Illuminate\\Foundation\\Console\\Kernel->handle()
#36 {main}
"} 
[2022-08-25 20:34:04] local.ERROR: Invalid route action: [App\Http\Livewire\Medicaments]. {"exception":"[object] (UnexpectedValueException(code: 0): Invalid route action: [App\\Http\\Livewire\\Medicaments]. at /home/omar/Bureau/medicaments/traitements/vendor/laravel/framework/src/Illuminate/Routing/RouteAction.php:92)
[stacktrace]
#0 /home/omar/Bureau/medicaments/traitements/vendor/laravel/framework/src/Illuminate/Routing/RouteAction.php(47): Illuminate\\Routing\\RouteAction::makeInvokable()
#1 /home/omar/Bureau/medicaments/traitements/vendor/laravel/framework/src/Illuminate/Routing/Route.php(190): Illuminate\\Routing\\RouteAction::parse()
#2 /home/omar/Bureau/medicaments/traitements/vendor/laravel/framework/src/Illuminate/Routing/Route.php(171): Illuminate\\Routing\\Route->parseAction()
#3 /home/omar/Bureau/medicaments/traitements/vendor/laravel/framework/src/Illuminate/Routing/Router.php(588): Illuminate\\Routing\\Route->__construct()
#4 /home/omar/Bureau/medicaments/traitements/vendor/laravel/framework/src/Illuminate/Routing/Router.php(481): Illuminate\\Routing\\Router->newRoute()
#5 /home/omar/Bureau/medicaments/traitements/vendor/laravel/framework/src/Illuminate/Routing/Router.php(460): Illuminate\\Routing\\Router->createRoute()
#6 /home/omar/Bureau/medicaments/traitements/vendor/laravel/framework/src/Illuminate/Routing/Router.php(150): Illuminate\\Routing\\Router->addRoute()
#7 /home/omar/Bureau/medicaments/traitements/vendor/laravel/framework/src/Illuminate/Support/Facades/Facade.php(338): Illuminate\\Routing\\Router->get()
#8 /home/omar/Bureau/medicaments/traitements/routes/web.php(21): Illuminate\\Support\\Facades\\Facade::__callStatic()
#9 /home/omar/Bureau/medicaments/traitements/vendor/laravel/framework/src/Illuminate/Routing/RouteFileRegistrar.php(35): require('...')
#10 /home/omar/Bureau/medicaments/traitements/vendor/laravel/framework/src/Illuminate/Routing/Router.php(430): Illuminate\\Routing\\RouteFileRegistrar->register()
#11 /home/omar/Bureau/medicaments/traitements/vendor/laravel/framework/src/Illuminate/Routing/Router.php(386): Illuminate\\Routing\\Router->loadRoutes()
#12 /home/omar/Bureau/medicaments/traitements/vendor/laravel/framework/src/Illuminate/Routing/RouteRegistrar.php(165): Illuminate\\Routing\\Router->group()
#13 /home/omar/Bureau/medicaments/traitements/app/Providers/RouteServiceProvider.php(37): Illuminate\\Routing\\RouteRegistrar->group()
#14 /home/omar/Bureau/medicaments/traitements/vendor/laravel/framework/src/Illuminate/Container/BoundMethod.php(36): App\\Providers\\RouteServiceProvider->App\\Providers\\{closure}()
#15 /home/omar/Bureau/medicaments/traitements/vendor/laravel/framework/src/Illuminate/Container/Util.php(41): Illuminate\\Container\\BoundMethod::Illuminate\\Container\\{closure}()
#16 /home/omar/Bureau/medicaments/traitements/vendor/laravel/framework/src/Illuminate/Container/BoundMethod.php(81): Illuminate\\Container\\Util::unwrapIfClosure()
#17 /home/omar/Bureau/medicaments/traitements/vendor/laravel/framework/src/Illuminate/Container/BoundMethod.php(37): Illuminate\\Container\\BoundMethod::callBoundMethod()
#18 /home/omar/Bureau/medicaments/traitements/vendor/laravel/framework/src/Illuminate/Container/Container.php(651): Illuminate\\Container\\BoundMethod::call()
#19 /home/omar/Bureau/medicaments/traitements/vendor/laravel/framework/src/Illuminate/Foundation/Support/Providers/RouteServiceProvider.php(120): Illuminate\\Container\\Container->call()
#20 /home/omar/Bureau/medicaments/traitements/vendor/laravel/framework/src/Illuminate/Foundation/Support/Providers/RouteServiceProvider.php(45): Illuminate\\Foundation\\Support\\Providers\\RouteServiceProvider->loadRoutes()
#21 /home/omar/Bureau/medicaments/traitements/vendor/laravel/framework/src/Illuminate/Container/BoundMethod.php(36): Illuminate\\Foundation\\Support\\Providers\\RouteServiceProvider->Illuminate\\Foundation\\Support\\Providers\\{closure}()
#22 /home/omar/Bureau/medicaments/traitements/vendor/laravel/framework/src/Illuminate/Container/Util.php(41): Illuminate\\Container\\BoundMethod::Illuminate\\Container\\{closure}()
#23 /home/omar/Bureau/medicaments/traitements/vendor/laravel/framework/src/Illuminate/Container/BoundMethod.php(81): Illuminate\\Container\\Util::unwrapIfClosure()
#24 /home/omar/Bureau/medicaments/traitements/vendor/laravel/framework/src/Illuminate/Container/BoundMethod.php(37): Illuminate\\Container\\BoundMethod::callBoundMethod()
#25 /home/omar/Bureau/medicaments/traitements/vendor/laravel/framework/src/Illuminate/Container/Container.php(651): Illuminate\\Container\\BoundMethod::call()
#26 /home/omar/Bureau/medicaments/traitements/vendor/laravel/framework/src/Illuminate/Support/ServiceProvider.php(119): Illuminate\\Container\\Container->call()
#27 /home/omar/Bureau/medicaments/traitements/vendor/laravel/framework/src/Illuminate/Foundation/Application.php(933): Illuminate\\Support\\ServiceProvider->callBootedCallbacks()
#28 /home/omar/Bureau/medicaments/traitements/vendor/laravel/framework/src/Illuminate/Foundation/Application.php(911): Illuminate\\Foundation\\Application->bootProvider()
#29 [internal function]: Illuminate\\Foundation\\Application->Illuminate\\Foundation\\{closure}()
#30 /home/omar/Bureau/medicaments/traitements/vendor/laravel/framework/src/Illuminate/Foundation/Application.php(912): array_walk()
#31 /home/omar/Bureau/medicaments/traitements/vendor/laravel/framework/src/Illuminate/Foundation/Bootstrap/BootProviders.php(17): Illuminate\\Foundation\\Application->boot()
#32 /home/omar/Bureau/medicaments/traitements/vendor/laravel/framework/src/Illuminate/Foundation/Application.php(239): Illuminate\\Foundation\\Bootstrap\\BootProviders->bootstrap()
#33 /home/omar/Bureau/medicaments/traitements/vendor/laravel/framework/src/Illuminate/Foundation/Console/Kernel.php(310): Illuminate\\Foundation\\Application->bootstrapWith()
#34 /home/omar/Bureau/medicaments/traitements/vendor/laravel/framework/src/Illuminate/Foundation/Console/Kernel.php(127): Illuminate\\Foundation\\Console\\Kernel->bootstrap()
#35 Command line code(1): Illuminate\\Foundation\\Console\\Kernel->handle()
#36 {main}
"} 
[2022-08-25 20:34:20] local.ERROR: Invalid route action: [App\Http\Livewire\Medicaments]. {"exception":"[object] (UnexpectedValueException(code: 0): Invalid route action: [App\\Http\\Livewire\\Medicaments]. at /home/omar/Bureau/medicaments/traitements/vendor/laravel/framework/src/Illuminate/Routing/RouteAction.php:92)
[stacktrace]
#0 /home/omar/Bureau/medicaments/traitements/vendor/laravel/framework/src/Illuminate/Routing/RouteAction.php(47): Illuminate\\Routing\\RouteAction::makeInvokable()
#1 /home/omar/Bureau/medicaments/traitements/vendor/laravel/framework/src/Illuminate/Routing/Route.php(190): Illuminate\\Routing\\RouteAction::parse()
#2 /home/omar/Bureau/medicaments/traitements/vendor/laravel/framework/src/Illuminate/Routing/Route.php(171): Illuminate\\Routing\\Route->parseAction()
#3 /home/omar/Bureau/medicaments/traitements/vendor/laravel/framework/src/Illuminate/Routing/Router.php(588): Illuminate\\Routing\\Route->__construct()
#4 /home/omar/Bureau/medicaments/traitements/vendor/laravel/framework/src/Illuminate/Routing/Router.php(481): Illuminate\\Routing\\Router->newRoute()
#5 /home/omar/Bureau/medicaments/traitements/vendor/laravel/framework/src/Illuminate/Routing/Router.php(460): Illuminate\\Routing\\Router->createRoute()
#6 /home/omar/Bureau/medicaments/traitements/vendor/laravel/framework/src/Illuminate/Routing/Router.php(150): Illuminate\\Routing\\Router->addRoute()
#7 /home/omar/Bureau/medicaments/traitements/vendor/laravel/framework/src/Illuminate/Support/Facades/Facade.php(338): Illuminate\\Routing\\Router->get()
#8 /home/omar/Bureau/medicaments/traitements/routes/web.php(21): Illuminate\\Support\\Facades\\Facade::__callStatic()
#9 /home/omar/Bureau/medicaments/traitements/vendor/laravel/framework/src/Illuminate/Routing/RouteFileRegistrar.php(35): require('...')
#10 /home/omar/Bureau/medicaments/traitements/vendor/laravel/framework/src/Illuminate/Routing/Router.php(430): Illuminate\\Routing\\RouteFileRegistrar->register()
#11 /home/omar/Bureau/medicaments/traitements/vendor/laravel/framework/src/Illuminate/Routing/Router.php(386): Illuminate\\Routing\\Router->loadRoutes()
#12 /home/omar/Bureau/medicaments/traitements/vendor/laravel/framework/src/Illuminate/Routing/RouteRegistrar.php(165): Illuminate\\Routing\\Router->group()
#13 /home/omar/Bureau/medicaments/traitements/app/Providers/RouteServiceProvider.php(37): Illuminate\\Routing\\RouteRegistrar->group()
#14 /home/omar/Bureau/medicaments/traitements/vendor/laravel/framework/src/Illuminate/Container/BoundMethod.php(36): App\\Providers\\RouteServiceProvider->App\\Providers\\{closure}()
#15 /home/omar/Bureau/medicaments/traitements/vendor/laravel/framework/src/Illuminate/Container/Util.php(41): Illuminate\\Container\\BoundMethod::Illuminate\\Container\\{closure}()
#16 /home/omar/Bureau/medicaments/traitements/vendor/laravel/framework/src/Illuminate/Container/BoundMethod.php(81): Illuminate\\Container\\Util::unwrapIfClosure()
#17 /home/omar/Bureau/medicaments/traitements/vendor/laravel/framework/src/Illuminate/Container/BoundMethod.php(37): Illuminate\\Container\\BoundMethod::callBoundMethod()
#18 /home/omar/Bureau/medicaments/traitements/vendor/laravel/framework/src/Illuminate/Container/Container.php(651): Illuminate\\Container\\BoundMethod::call()
#19 /home/omar/Bureau/medicaments/traitements/vendor/laravel/framework/src/Illuminate/Foundation/Support/Providers/RouteServiceProvider.php(120): Illuminate\\Container\\Container->call()
#20 /home/omar/Bureau/medicaments/traitements/vendor/laravel/framework/src/Illuminate/Foundation/Support/Providers/RouteServiceProvider.php(45): Illuminate\\Foundation\\Support\\Providers\\RouteServiceProvider->loadRoutes()
#21 /home/omar/Bureau/medicaments/traitements/vendor/laravel/framework/src/Illuminate/Container/BoundMethod.php(36): Illuminate\\Foundation\\Support\\Providers\\RouteServiceProvider->Illuminate\\Foundation\\Support\\Providers\\{closure}()
#22 /home/omar/Bureau/medicaments/traitements/vendor/laravel/framework/src/Illuminate/Container/Util.php(41): Illuminate\\Container\\BoundMethod::Illuminate\\Container\\{closure}()
#23 /home/omar/Bureau/medicaments/traitements/vendor/laravel/framework/src/Illuminate/Container/BoundMethod.php(81): Illuminate\\Container\\Util::unwrapIfClosure()
#24 /home/omar/Bureau/medicaments/traitements/vendor/laravel/framework/src/Illuminate/Container/BoundMethod.php(37): Illuminate\\Container\\BoundMethod::callBoundMethod()
#25 /home/omar/Bureau/medicaments/traitements/vendor/laravel/framework/src/Illuminate/Container/Container.php(651): Illuminate\\Container\\BoundMethod::call()
#26 /home/omar/Bureau/medicaments/traitements/vendor/laravel/framework/src/Illuminate/Support/ServiceProvider.php(119): Illuminate\\Container\\Container->call()
#27 /home/omar/Bureau/medicaments/traitements/vendor/laravel/framework/src/Illuminate/Foundation/Application.php(933): Illuminate\\Support\\ServiceProvider->callBootedCallbacks()
#28 /home/omar/Bureau/medicaments/traitements/vendor/laravel/framework/src/Illuminate/Foundation/Application.php(911): Illuminate\\Foundation\\Application->bootProvider()
#29 [internal function]: Illuminate\\Foundation\\Application->Illuminate\\Foundation\\{closure}()
#30 /home/omar/Bureau/medicaments/traitements/vendor/laravel/framework/src/Illuminate/Foundation/Application.php(912): array_walk()
#31 /home/omar/Bureau/medicaments/traitements/vendor/laravel/framework/src/Illuminate/Foundation/Bootstrap/BootProviders.php(17): Illuminate\\Foundation\\Application->boot()
#32 /home/omar/Bureau/medicaments/traitements/vendor/laravel/framework/src/Illuminate/Foundation/Application.php(239): Illuminate\\Foundation\\Bootstrap\\BootProviders->bootstrap()
#33 /home/omar/Bureau/medicaments/traitements/vendor/laravel/framework/src/Illuminate/Foundation/Console/Kernel.php(310): Illuminate\\Foundation\\Application->bootstrapWith()
#34 /home/omar/Bureau/medicaments/traitements/vendor/laravel/framework/src/Illuminate/Foundation/Console/Kernel.php(127): Illuminate\\Foundation\\Console\\Kernel->bootstrap()
#35 Command line code(1): Illuminate\\Foundation\\Console\\Kernel->handle()
#36 {main}
"} 
[2022-08-25 20:34:20] local.ERROR: Invalid route action: [App\Http\Livewire\Medicaments]. {"exception":"[object] (UnexpectedValueException(code: 0): Invalid route action: [App\\Http\\Livewire\\Medicaments]. at /home/omar/Bureau/medicaments/traitements/vendor/laravel/framework/src/Illuminate/Routing/RouteAction.php:92)
[stacktrace]
#0 /home/omar/Bureau/medicaments/traitements/vendor/laravel/framework/src/Illuminate/Routing/RouteAction.php(47): Illuminate\\Routing\\RouteAction::makeInvokable()
#1 /home/omar/Bureau/medicaments/traitements/vendor/laravel/framework/src/Illuminate/Routing/Route.php(190): Illuminate\\Routing\\RouteAction::parse()
#2 /home/omar/Bureau/medicaments/traitements/vendor/laravel/framework/src/Illuminate/Routing/Route.php(171): Illuminate\\Routing\\Route->parseAction()
#3 /home/omar/Bureau/medicaments/traitements/vendor/laravel/framework/src/Illuminate/Routing/Router.php(588): Illuminate\\Routing\\Route->__construct()
#4 /home/omar/Bureau/medicaments/traitements/vendor/laravel/framework/src/Illuminate/Routing/Router.php(481): Illuminate\\Routing\\Router->newRoute()
#5 /home/omar/Bureau/medicaments/traitements/vendor/laravel/framework/src/Illuminate/Routing/Router.php(460): Illuminate\\Routing\\Router->createRoute()
#6 /home/omar/Bureau/medicaments/traitements/vendor/laravel/framework/src/Illuminate/Routing/Router.php(150): Illuminate\\Routing\\Router->addRoute()
#7 /home/omar/Bureau/medicaments/traitements/vendor/laravel/framework/src/Illuminate/Support/Facades/Facade.php(338): Illuminate\\Routing\\Router->get()
#8 /home/omar/Bureau/medicaments/traitements/routes/web.php(21): Illuminate\\Support\\Facades\\Facade::__callStatic()
#9 /home/omar/Bureau/medicaments/traitements/vendor/laravel/framework/src/Illuminate/Routing/RouteFileRegistrar.php(35): require('...')
#10 /home/omar/Bureau/medicaments/traitements/vendor/laravel/framework/src/Illuminate/Routing/Router.php(430): Illuminate\\Routing\\RouteFileRegistrar->register()
#11 /home/omar/Bureau/medicaments/traitements/vendor/laravel/framework/src/Illuminate/Routing/Router.php(386): Illuminate\\Routing\\Router->loadRoutes()
#12 /home/omar/Bureau/medicaments/traitements/vendor/laravel/framework/src/Illuminate/Routing/RouteRegistrar.php(165): Illuminate\\Routing\\Router->group()
#13 /home/omar/Bureau/medicaments/traitements/app/Providers/RouteServiceProvider.php(37): Illuminate\\Routing\\RouteRegistrar->group()
#14 /home/omar/Bureau/medicaments/traitements/vendor/laravel/framework/src/Illuminate/Container/BoundMethod.php(36): App\\Providers\\RouteServiceProvider->App\\Providers\\{closure}()
#15 /home/omar/Bureau/medicaments/traitements/vendor/laravel/framework/src/Illuminate/Container/Util.php(41): Illuminate\\Container\\BoundMethod::Illuminate\\Container\\{closure}()
#16 /home/omar/Bureau/medicaments/traitements/vendor/laravel/framework/src/Illuminate/Container/BoundMethod.php(81): Illuminate\\Container\\Util::unwrapIfClosure()
#17 /home/omar/Bureau/medicaments/traitements/vendor/laravel/framework/src/Illuminate/Container/BoundMethod.php(37): Illuminate\\Container\\BoundMethod::callBoundMethod()
#18 /home/omar/Bureau/medicaments/traitements/vendor/laravel/framework/src/Illuminate/Container/Container.php(651): Illuminate\\Container\\BoundMethod::call()
#19 /home/omar/Bureau/medicaments/traitements/vendor/laravel/framework/src/Illuminate/Foundation/Support/Providers/RouteServiceProvider.php(120): Illuminate\\Container\\Container->call()
#20 /home/omar/Bureau/medicaments/traitements/vendor/laravel/framework/src/Illuminate/Foundation/Support/Providers/RouteServiceProvider.php(45): Illuminate\\Foundation\\Support\\Providers\\RouteServiceProvider->loadRoutes()
#21 /home/omar/Bureau/medicaments/traitements/vendor/laravel/framework/src/Illuminate/Container/BoundMethod.php(36): Illuminate\\Foundation\\Support\\Providers\\RouteServiceProvider->Illuminate\\Foundation\\Support\\Providers\\{closure}()
#22 /home/omar/Bureau/medicaments/traitements/vendor/laravel/framework/src/Illuminate/Container/Util.php(41): Illuminate\\Container\\BoundMethod::Illuminate\\Container\\{closure}()
#23 /home/omar/Bureau/medicaments/traitements/vendor/laravel/framework/src/Illuminate/Container/BoundMethod.php(81): Illuminate\\Container\\Util::unwrapIfClosure()
#24 /home/omar/Bureau/medicaments/traitements/vendor/laravel/framework/src/Illuminate/Container/BoundMethod.php(37): Illuminate\\Container\\BoundMethod::callBoundMethod()
#25 /home/omar/Bureau/medicaments/traitements/vendor/laravel/framework/src/Illuminate/Container/Container.php(651): Illuminate\\Container\\BoundMethod::call()
#26 /home/omar/Bureau/medicaments/traitements/vendor/laravel/framework/src/Illuminate/Support/ServiceProvider.php(119): Illuminate\\Container\\Container->call()
#27 /home/omar/Bureau/medicaments/traitements/vendor/laravel/framework/src/Illuminate/Foundation/Application.php(933): Illuminate\\Support\\ServiceProvider->callBootedCallbacks()
#28 /home/omar/Bureau/medicaments/traitements/vendor/laravel/framework/src/Illuminate/Foundation/Application.php(911): Illuminate\\Foundation\\Application->bootProvider()
#29 [internal function]: Illuminate\\Foundation\\Application->Illuminate\\Foundation\\{closure}()
#30 /home/omar/Bureau/medicaments/traitements/vendor/laravel/framework/src/Illuminate/Foundation/Application.php(912): array_walk()
#31 /home/omar/Bureau/medicaments/traitements/vendor/laravel/framework/src/Illuminate/Foundation/Bootstrap/BootProviders.php(17): Illuminate\\Foundation\\Application->boot()
#32 /home/omar/Bureau/medicaments/traitements/vendor/laravel/framework/src/Illuminate/Foundation/Application.php(239): Illuminate\\Foundation\\Bootstrap\\BootProviders->bootstrap()
#33 /home/omar/Bureau/medicaments/traitements/vendor/laravel/framework/src/Illuminate/Foundation/Console/Kernel.php(310): Illuminate\\Foundation\\Application->bootstrapWith()
#34 /home/omar/Bureau/medicaments/traitements/vendor/laravel/framework/src/Illuminate/Foundation/Console/Kernel.php(127): Illuminate\\Foundation\\Console\\Kernel->bootstrap()
#35 Command line code(1): Illuminate\\Foundation\\Console\\Kernel->handle()
#36 {main}
"} 
[2022-08-25 20:34:20] local.ERROR: Invalid route action: [App\Http\Livewire\Medicaments]. {"exception":"[object] (UnexpectedValueException(code: 0): Invalid route action: [App\\Http\\Livewire\\Medicaments]. at /home/omar/Bureau/medicaments/traitements/vendor/laravel/framework/src/Illuminate/Routing/RouteAction.php:92)
[stacktrace]
#0 /home/omar/Bureau/medicaments/traitements/vendor/laravel/framework/src/Illuminate/Routing/RouteAction.php(47): Illuminate\\Routing\\RouteAction::makeInvokable()
#1 /home/omar/Bureau/medicaments/traitements/vendor/laravel/framework/src/Illuminate/Routing/Route.php(190): Illuminate\\Routing\\RouteAction::parse()
#2 /home/omar/Bureau/medicaments/traitements/vendor/laravel/framework/src/Illuminate/Routing/Route.php(171): Illuminate\\Routing\\Route->parseAction()
#3 /home/omar/Bureau/medicaments/traitements/vendor/laravel/framework/src/Illuminate/Routing/Router.php(588): Illuminate\\Routing\\Route->__construct()
#4 /home/omar/Bureau/medicaments/traitements/vendor/laravel/framework/src/Illuminate/Routing/Router.php(481): Illuminate\\Routing\\Router->newRoute()
#5 /home/omar/Bureau/medicaments/traitements/vendor/laravel/framework/src/Illuminate/Routing/Router.php(460): Illuminate\\Routing\\Router->createRoute()
#6 /home/omar/Bureau/medicaments/traitements/vendor/laravel/framework/src/Illuminate/Routing/Router.php(150): Illuminate\\Routing\\Router->addRoute()
#7 /home/omar/Bureau/medicaments/traitements/vendor/laravel/framework/src/Illuminate/Support/Facades/Facade.php(338): Illuminate\\Routing\\Router->get()
#8 /home/omar/Bureau/medicaments/traitements/routes/web.php(21): Illuminate\\Support\\Facades\\Facade::__callStatic()
#9 /home/omar/Bureau/medicaments/traitements/vendor/laravel/framework/src/Illuminate/Routing/RouteFileRegistrar.php(35): require('...')
#10 /home/omar/Bureau/medicaments/traitements/vendor/laravel/framework/src/Illuminate/Routing/Router.php(430): Illuminate\\Routing\\RouteFileRegistrar->register()
#11 /home/omar/Bureau/medicaments/traitements/vendor/laravel/framework/src/Illuminate/Routing/Router.php(386): Illuminate\\Routing\\Router->loadRoutes()
#12 /home/omar/Bureau/medicaments/traitements/vendor/laravel/framework/src/Illuminate/Routing/RouteRegistrar.php(165): Illuminate\\Routing\\Router->group()
#13 /home/omar/Bureau/medicaments/traitements/app/Providers/RouteServiceProvider.php(37): Illuminate\\Routing\\RouteRegistrar->group()
#14 /home/omar/Bureau/medicaments/traitements/vendor/laravel/framework/src/Illuminate/Container/BoundMethod.php(36): App\\Providers\\RouteServiceProvider->App\\Providers\\{closure}()
#15 /home/omar/Bureau/medicaments/traitements/vendor/laravel/framework/src/Illuminate/Container/Util.php(41): Illuminate\\Container\\BoundMethod::Illuminate\\Container\\{closure}()
#16 /home/omar/Bureau/medicaments/traitements/vendor/laravel/framework/src/Illuminate/Container/BoundMethod.php(81): Illuminate\\Container\\Util::unwrapIfClosure()
#17 /home/omar/Bureau/medicaments/traitements/vendor/laravel/framework/src/Illuminate/Container/BoundMethod.php(37): Illuminate\\Container\\BoundMethod::callBoundMethod()
#18 /home/omar/Bureau/medicaments/traitements/vendor/laravel/framework/src/Illuminate/Container/Container.php(651): Illuminate\\Container\\BoundMethod::call()
#19 /home/omar/Bureau/medicaments/traitements/vendor/laravel/framework/src/Illuminate/Foundation/Support/Providers/RouteServiceProvider.php(120): Illuminate\\Container\\Container->call()
#20 /home/omar/Bureau/medicaments/traitements/vendor/laravel/framework/src/Illuminate/Foundation/Support/Providers/RouteServiceProvider.php(45): Illuminate\\Foundation\\Support\\Providers\\RouteServiceProvider->loadRoutes()
#21 /home/omar/Bureau/medicaments/traitements/vendor/laravel/framework/src/Illuminate/Container/BoundMethod.php(36): Illuminate\\Foundation\\Support\\Providers\\RouteServiceProvider->Illuminate\\Foundation\\Support\\Providers\\{closure}()
#22 /home/omar/Bureau/medicaments/traitements/vendor/laravel/framework/src/Illuminate/Container/Util.php(41): Illuminate\\Container\\BoundMethod::Illuminate\\Container\\{closure}()
#23 /home/omar/Bureau/medicaments/traitements/vendor/laravel/framework/src/Illuminate/Container/BoundMethod.php(81): Illuminate\\Container\\Util::unwrapIfClosure()
#24 /home/omar/Bureau/medicaments/traitements/vendor/laravel/framework/src/Illuminate/Container/BoundMethod.php(37): Illuminate\\Container\\BoundMethod::callBoundMethod()
#25 /home/omar/Bureau/medicaments/traitements/vendor/laravel/framework/src/Illuminate/Container/Container.php(651): Illuminate\\Container\\BoundMethod::call()
#26 /home/omar/Bureau/medicaments/traitements/vendor/laravel/framework/src/Illuminate/Support/ServiceProvider.php(119): Illuminate\\Container\\Container->call()
#27 /home/omar/Bureau/medicaments/traitements/vendor/laravel/framework/src/Illuminate/Foundation/Application.php(933): Illuminate\\Support\\ServiceProvider->callBootedCallbacks()
#28 /home/omar/Bureau/medicaments/traitements/vendor/laravel/framework/src/Illuminate/Foundation/Application.php(911): Illuminate\\Foundation\\Application->bootProvider()
#29 [internal function]: Illuminate\\Foundation\\Application->Illuminate\\Foundation\\{closure}()
#30 /home/omar/Bureau/medicaments/traitements/vendor/laravel/framework/src/Illuminate/Foundation/Application.php(912): array_walk()
#31 /home/omar/Bureau/medicaments/traitements/vendor/laravel/framework/src/Illuminate/Foundation/Bootstrap/BootProviders.php(17): Illuminate\\Foundation\\Application->boot()
#32 /home/omar/Bureau/medicaments/traitements/vendor/laravel/framework/src/Illuminate/Foundation/Application.php(239): Illuminate\\Foundation\\Bootstrap\\BootProviders->bootstrap()
#33 /home/omar/Bureau/medicaments/traitements/vendor/laravel/framework/src/Illuminate/Foundation/Console/Kernel.php(310): Illuminate\\Foundation\\Application->bootstrapWith()
#34 /home/omar/Bureau/medicaments/traitements/vendor/laravel/framework/src/Illuminate/Foundation/Console/Kernel.php(127): Illuminate\\Foundation\\Console\\Kernel->bootstrap()
#35 Command line code(1): Illuminate\\Foundation\\Console\\Kernel->handle()
#36 {main}
"} 
[2022-08-25 20:34:40] local.ERROR: Invalid route action: [App\Http\Livewire\Medicaments]. {"exception":"[object] (UnexpectedValueException(code: 0): Invalid route action: [App\\Http\\Livewire\\Medicaments]. at /home/omar/Bureau/medicaments/traitements/vendor/laravel/framework/src/Illuminate/Routing/RouteAction.php:92)
[stacktrace]
#0 /home/omar/Bureau/medicaments/traitements/vendor/laravel/framework/src/Illuminate/Routing/RouteAction.php(47): Illuminate\\Routing\\RouteAction::makeInvokable()
#1 /home/omar/Bureau/medicaments/traitements/vendor/laravel/framework/src/Illuminate/Routing/Route.php(190): Illuminate\\Routing\\RouteAction::parse()
#2 /home/omar/Bureau/medicaments/traitements/vendor/laravel/framework/src/Illuminate/Routing/Route.php(171): Illuminate\\Routing\\Route->parseAction()
#3 /home/omar/Bureau/medicaments/traitements/vendor/laravel/framework/src/Illuminate/Routing/Router.php(588): Illuminate\\Routing\\Route->__construct()
#4 /home/omar/Bureau/medicaments/traitements/vendor/laravel/framework/src/Illuminate/Routing/Router.php(481): Illuminate\\Routing\\Router->newRoute()
#5 /home/omar/Bureau/medicaments/traitements/vendor/laravel/framework/src/Illuminate/Routing/Router.php(460): Illuminate\\Routing\\Router->createRoute()
#6 /home/omar/Bureau/medicaments/traitements/vendor/laravel/framework/src/Illuminate/Routing/Router.php(150): Illuminate\\Routing\\Router->addRoute()
#7 /home/omar/Bureau/medicaments/traitements/vendor/laravel/framework/src/Illuminate/Support/Facades/Facade.php(338): Illuminate\\Routing\\Router->get()
#8 /home/omar/Bureau/medicaments/traitements/routes/web.php(21): Illuminate\\Support\\Facades\\Facade::__callStatic()
#9 /home/omar/Bureau/medicaments/traitements/vendor/laravel/framework/src/Illuminate/Routing/RouteFileRegistrar.php(35): require('...')
#10 /home/omar/Bureau/medicaments/traitements/vendor/laravel/framework/src/Illuminate/Routing/Router.php(430): Illuminate\\Routing\\RouteFileRegistrar->register()
#11 /home/omar/Bureau/medicaments/traitements/vendor/laravel/framework/src/Illuminate/Routing/Router.php(386): Illuminate\\Routing\\Router->loadRoutes()
#12 /home/omar/Bureau/medicaments/traitements/vendor/laravel/framework/src/Illuminate/Routing/RouteRegistrar.php(165): Illuminate\\Routing\\Router->group()
#13 /home/omar/Bureau/medicaments/traitements/app/Providers/RouteServiceProvider.php(37): Illuminate\\Routing\\RouteRegistrar->group()
#14 /home/omar/Bureau/medicaments/traitements/vendor/laravel/framework/src/Illuminate/Container/BoundMethod.php(36): App\\Providers\\RouteServiceProvider->App\\Providers\\{closure}()
#15 /home/omar/Bureau/medicaments/traitements/vendor/laravel/framework/src/Illuminate/Container/Util.php(41): Illuminate\\Container\\BoundMethod::Illuminate\\Container\\{closure}()
#16 /home/omar/Bureau/medicaments/traitements/vendor/laravel/framework/src/Illuminate/Container/BoundMethod.php(81): Illuminate\\Container\\Util::unwrapIfClosure()
#17 /home/omar/Bureau/medicaments/traitements/vendor/laravel/framework/src/Illuminate/Container/BoundMethod.php(37): Illuminate\\Container\\BoundMethod::callBoundMethod()
#18 /home/omar/Bureau/medicaments/traitements/vendor/laravel/framework/src/Illuminate/Container/Container.php(651): Illuminate\\Container\\BoundMethod::call()
#19 /home/omar/Bureau/medicaments/traitements/vendor/laravel/framework/src/Illuminate/Foundation/Support/Providers/RouteServiceProvider.php(120): Illuminate\\Container\\Container->call()
#20 /home/omar/Bureau/medicaments/traitements/vendor/laravel/framework/src/Illuminate/Foundation/Support/Providers/RouteServiceProvider.php(45): Illuminate\\Foundation\\Support\\Providers\\RouteServiceProvider->loadRoutes()
#21 /home/omar/Bureau/medicaments/traitements/vendor/laravel/framework/src/Illuminate/Container/BoundMethod.php(36): Illuminate\\Foundation\\Support\\Providers\\RouteServiceProvider->Illuminate\\Foundation\\Support\\Providers\\{closure}()
#22 /home/omar/Bureau/medicaments/traitements/vendor/laravel/framework/src/Illuminate/Container/Util.php(41): Illuminate\\Container\\BoundMethod::Illuminate\\Container\\{closure}()
#23 /home/omar/Bureau/medicaments/traitements/vendor/laravel/framework/src/Illuminate/Container/BoundMethod.php(81): Illuminate\\Container\\Util::unwrapIfClosure()
#24 /home/omar/Bureau/medicaments/traitements/vendor/laravel/framework/src/Illuminate/Container/BoundMethod.php(37): Illuminate\\Container\\BoundMethod::callBoundMethod()
#25 /home/omar/Bureau/medicaments/traitements/vendor/laravel/framework/src/Illuminate/Container/Container.php(651): Illuminate\\Container\\BoundMethod::call()
#26 /home/omar/Bureau/medicaments/traitements/vendor/laravel/framework/src/Illuminate/Support/ServiceProvider.php(119): Illuminate\\Container\\Container->call()
#27 /home/omar/Bureau/medicaments/traitements/vendor/laravel/framework/src/Illuminate/Foundation/Application.php(933): Illuminate\\Support\\ServiceProvider->callBootedCallbacks()
#28 /home/omar/Bureau/medicaments/traitements/vendor/laravel/framework/src/Illuminate/Foundation/Application.php(911): Illuminate\\Foundation\\Application->bootProvider()
#29 [internal function]: Illuminate\\Foundation\\Application->Illuminate\\Foundation\\{closure}()
#30 /home/omar/Bureau/medicaments/traitements/vendor/laravel/framework/src/Illuminate/Foundation/Application.php(912): array_walk()
#31 /home/omar/Bureau/medicaments/traitements/vendor/laravel/framework/src/Illuminate/Foundation/Bootstrap/BootProviders.php(17): Illuminate\\Foundation\\Application->boot()
#32 /home/omar/Bureau/medicaments/traitements/vendor/laravel/framework/src/Illuminate/Foundation/Application.php(239): Illuminate\\Foundation\\Bootstrap\\BootProviders->bootstrap()
#33 /home/omar/Bureau/medicaments/traitements/vendor/laravel/framework/src/Illuminate/Foundation/Console/Kernel.php(310): Illuminate\\Foundation\\Application->bootstrapWith()
#34 /home/omar/Bureau/medicaments/traitements/vendor/laravel/framework/src/Illuminate/Foundation/Console/Kernel.php(127): Illuminate\\Foundation\\Console\\Kernel->bootstrap()
#35 /home/omar/Bureau/medicaments/traitements/artisan(37): Illuminate\\Foundation\\Console\\Kernel->handle()
#36 {main}
"} 
